<?xml version="1.0" encoding="UTF-8"?>
<!-- Generated by org.testng.reporters.JUnitReportReporter -->
<testsuite hostname="LAPTOP-9HVRT89O" failures="0" tests="1" name="flipcard.App" time="34.126" errors="0" timestamp="2024-03-14T12:09:56 IST" skipped="0">
  <testcase classname="flipcard.App" name="testFlipkart" time="34.126"/>
</testsuite> <!-- flipcard.App -->
